\BOOKMARK [1][-]{section*.5}{Introduction}{}% 1
\BOOKMARK [2][-]{section*.6}{Word Count}{section*.5}% 2
\BOOKMARK [1][-]{section*.7}{Problem statement}{}% 3
\BOOKMARK [2][-]{section*.9}{Aims and Objectives}{section*.7}% 4
\BOOKMARK [1][-]{section*.10}{Contributions}{}% 5
\BOOKMARK [1][-]{section*.11}{Previous Work}{}% 6
\BOOKMARK [2][-]{section*.12}{Tracking people}{section*.11}% 7
\BOOKMARK [2][-]{section*.13}{Coordinate transformation}{section*.11}% 8
\BOOKMARK [2][-]{section*.14}{Tracking using depth data}{section*.11}% 9
\BOOKMARK [2][-]{section*.15}{Tracking using color data}{section*.11}% 10
\BOOKMARK [1][-]{section*.16}{Kinect}{}% 11
\BOOKMARK [2][-]{section*.17}{Features}{section*.16}% 12
\BOOKMARK [2][-]{section*.18}{Coordinate System}{section*.16}% 13
\BOOKMARK [2][-]{section*.19}{Multiple Kinects}{section*.16}% 14
\BOOKMARK [1][-]{section*.20}{Current Approach}{}% 15
\BOOKMARK [2][-]{section*.21}{Kinect BodyFrame}{section*.20}% 16
\BOOKMARK [3][-]{section*.22}{Serialization}{section*.21}% 17
\BOOKMARK [2][-]{section*.23}{Calibration}{section*.20}% 18
\BOOKMARK [3][-]{section*.24}{Detecting interference}{section*.23}% 19
\BOOKMARK [2][-]{section*.25}{Coordinate transformation}{section*.20}% 20
\BOOKMARK [2][-]{section*.26}{Tracking by detection}{section*.20}% 21
\BOOKMARK [2][-]{section*.27}{Detecting occlusion}{section*.20}% 22
\BOOKMARK [2][-]{section*.28}{Detecting new and missing people}{section*.20}% 23
\BOOKMARK [2][-]{section*.29}{Strengths}{section*.20}% 24
\BOOKMARK [2][-]{section*.30}{Limitations}{section*.20}% 25
\BOOKMARK [2][-]{section*.31}{Improvements}{section*.20}% 26
\BOOKMARK [1][-]{section*.32}{System}{}% 27
\BOOKMARK [2][-]{section*.33}{Running the application}{section*.32}% 28
\BOOKMARK [2][-]{section*.34}{Design}{section*.32}% 29
\BOOKMARK [2][-]{section*.35}{System architecture}{section*.32}% 30
\BOOKMARK [2][-]{section*.37}{Client Implementation}{section*.32}% 31
\BOOKMARK [2][-]{section*.38}{Server Implementation}{section*.32}% 32
\BOOKMARK [3][-]{section*.39}{Communication Protocol}{section*.38}% 33
\BOOKMARK [2][-]{section*.40}{User Interface Implementation}{section*.32}% 34
\BOOKMARK [3][-]{section*.42}{Controls}{section*.40}% 35
\BOOKMARK [3][-]{section*.43}{Events}{section*.40}% 36
\BOOKMARK [3][-]{section*.44}{Tracking View}{section*.40}% 37
\BOOKMARK [3][-]{section*.46}{Disjoined View}{section*.40}% 38
\BOOKMARK [2][-]{section*.48}{Tracker Implementation}{section*.32}% 39
\BOOKMARK [2][-]{section*.49}{Logger Implementation}{section*.32}% 40
\BOOKMARK [2][-]{section*.50}{Integration with Heart Rate Monitoring}{section*.32}% 41
\BOOKMARK [1][-]{section*.51}{Testing}{}% 42
\BOOKMARK [2][-]{section*.52}{Occlusion}{section*.51}% 43
\BOOKMARK [1][-]{section*.53}{User studies}{}% 44
\BOOKMARK [2][-]{section*.55}{Hypotheses}{section*.53}% 45
\BOOKMARK [2][-]{section*.56}{Apparatus}{section*.53}% 46
\BOOKMARK [3][-]{section*.57}{Computer Specification}{section*.56}% 47
\BOOKMARK [3][-]{section*.58}{Kinect Specification}{section*.56}% 48
\BOOKMARK [2][-]{section*.59}{Participants}{section*.53}% 49
\BOOKMARK [2][-]{section*.60}{Setting}{section*.53}% 50
\BOOKMARK [2][-]{section*.62}{Method}{section*.53}% 51
\BOOKMARK [2][-]{section*.64}{Ethics}{section*.53}% 52
\BOOKMARK [2][-]{section*.65}{Study 1: Stationary}{section*.53}% 53
\BOOKMARK [2][-]{section*.66}{Study 2: Basic Movements}{section*.53}% 54
\BOOKMARK [2][-]{section*.67}{Study 3: Continuous Movements}{section*.53}% 55
\BOOKMARK [2][-]{section*.68}{Study 4: Two people Cross-over}{section*.53}% 56
\BOOKMARK [2][-]{section*.69}{Study 5: Interaction 2?}{section*.53}% 57
\BOOKMARK [2][-]{section*.70}{Study 6: Occlusion}{section*.53}% 58
\BOOKMARK [1][-]{section*.72}{Evaluation}{}% 59
\BOOKMARK [1][-]{section*.76}{Future Work}{}% 60
\BOOKMARK [2][-]{section*.77}{User studies}{section*.76}% 61
\BOOKMARK [2][-]{section*.78}{Application}{section*.76}% 62
\BOOKMARK [1][-]{section*.79}{SH Project Reflection}{}% 63
\BOOKMARK [2][-]{section*.80}{Requirements}{section*.79}% 64
\BOOKMARK [1][-]{section*.81}{Acknowledgements}{}% 65
\BOOKMARK [1][-]{section*.82}{REFERENCES }{}% 66
\BOOKMARK [1][-]{section*.83}{Appendices}{}% 67
\BOOKMARK [1][-]{section*.84}{Kinect BodyFrame Serialization Library}{}% 68
